<?xml version="1.0" encoding="UTF-8"?>
<!-- Generated by org.testng.reporters.JUnitReportReporter -->
<testsuite hostname="Yashoda" failures="0" tests="1" name="systemscenerios.Amazon_Project.TestCase5_Login_Search_product_cart_add_remove" time="60.527" errors="0" timestamp="2025-01-24T00:29:06 IST" skipped="0">
  <testcase classname="systemscenerios.Amazon_Project.TestCase5_Login_Search_product_cart_add_remove" name="addtocart_logout" time="60.527"/>
  <system-out/>
</testsuite> <!-- systemscenerios.Amazon_Project.TestCase5_Login_Search_product_cart_add_remove -->
