<?xml version="1.0" encoding="UTF-8"?>
<!-- Generated by org.testng.reporters.JUnitReportReporter -->
<testsuite hostname="Yashoda" failures="0" tests="1" name="systemscenerios.Amazon_Project.TestCase1_Login_cart_logout" time="59.004" errors="0" timestamp="2025-01-24T18:39:54 IST" skipped="0">
  <testcase classname="systemscenerios.Amazon_Project.TestCase1_Login_cart_logout" name="login_cart_logout" time="59.004"/>
</testsuite> <!-- systemscenerios.Amazon_Project.TestCase1_Login_cart_logout -->
